Build started 01.02.2016 14:46:19.
     1>Project "C:\Projekt\ProAdminV1\ProAdminV1\ProAdminV1.vcxproj" on node 2 (Build target(s)).
     1>CustomBuild:
         Moc'ing proadmin.h...
         Uic'ing proadmin.ui...
         Rcc'ing proadmin.qrc...
     1>RCC : warning : No resources in 'C:\Projekt\ProAdminV1\ProAdminV1\proadmin.qrc'.
         
       ClCompile:
         C:\Program Files (x86)\Microsoft Visual Studio 12.0\VC\bin\CL.exe /c /I.\GeneratedFiles /I. /IC:\Qt\Qt5.4.0\5.4\msvc2013_64\include /I.\GeneratedFiles\Debug /IC:\Qt\Qt5.4.0\5.4\msvc2013_64\include\QtCore /IC:\Qt\Qt5.4.0\5.4\msvc2013_64\include\QtGui /IC:\Qt\Qt5.4.0\5.4\msvc2013_64\include\QtSql /IC:\Qt\Qt5.4.0\5.4\msvc2013_64\include\QtWidgets /Zi /nologo /W1 /WX- /Od /Oy- /D UNICODE /D WIN32 /D WIN64 /D QT_DLL /D QT_CORE_LIB /D QT_GUI_LIB /D QT_SQL_LIB /D QT_WIDGETS_LIB /Gm- /EHsc /MDd /GS /fp:precise /Zc:wchar_t /Zc:forScope /Fo"Debug\\" /Fd"Debug\vc120.pdb" /Gd /TP /analyze- /errorReport:prompt GeneratedFiles\Debug\moc_proadmin.cpp main.cpp proadmin.cpp
         moc_proadmin.cpp
         main.cpp
         proadmin.cpp
         Generating Code...
         C:\Program Files (x86)\Microsoft Visual Studio 12.0\VC\bin\CL.exe /c /I.\GeneratedFiles /I. /IC:\Qt\Qt5.4.0\5.4\msvc2013_64\include /I.\GeneratedFiles\Debug /IC:\Qt\Qt5.4.0\5.4\msvc2013_64\include\QtCore /IC:\Qt\Qt5.4.0\5.4\msvc2013_64\include\QtGui /IC:\Qt\Qt5.4.0\5.4\msvc2013_64\include\QtSql /IC:\Qt\Qt5.4.0\5.4\msvc2013_64\include\QtWidgets /Zi /nologo /W1 /WX- /Od /Oy- /D UNICODE /D WIN32 /D WIN64 /D QT_DLL /D QT_CORE_LIB /D QT_GUI_LIB /D QT_SQL_LIB /D QT_WIDGETS_LIB /Gm- /EHsc /MDd /GS /fp:precise /Zc:wchar_t /Zc:forScope /Fo"Debug\\" /Fd"Debug\vc120.pdb" /Gd /TP /analyze- /errorReport:prompt GeneratedFiles\qrc_proadmin.cpp
         qrc_proadmin.cpp
       Link:
         C:\Program Files (x86)\Microsoft Visual Studio 12.0\VC\bin\link.exe /ERRORREPORT:PROMPT /OUT:"C:\Projekt\ProAdminV1\Win32\Debug\\ProAdminV1.exe" /NOLOGO /LIBPATH:C:\Qt\Qt5.4.0\5.4\msvc2013_64\lib qtmaind.lib Qt5Cored.lib Qt5Guid.lib Qt5Sqld.lib Qt5Widgetsd.lib kernel32.lib user32.lib gdi32.lib winspool.lib comdlg32.lib advapi32.lib shell32.lib ole32.lib oleaut32.lib uuid.lib odbc32.lib odbccp32.lib /MANIFEST /MANIFESTUAC:"level='asInvoker' uiAccess='false'" /manifest:embed /DEBUG /PDB:"C:\Projekt\ProAdminV1\Win32\Debug\ProAdminV1.pdb" /SUBSYSTEM:WINDOWS /TLBID:1 /DYNAMICBASE /NXCOMPAT /IMPLIB:"C:\Projekt\ProAdminV1\Win32\Debug\ProAdminV1.lib" /MACHINE:X86 /SAFESEH Debug\moc_proadmin.obj
         Debug\qrc_proadmin.obj
         Debug\main.obj
         Debug\proadmin.obj
     1>Qt5Widgetsd.lib(Qt5Widgetsd.dll) : fatal error LNK1112: module machine type 'x64' conflicts with target machine type 'X86'
     1>Done Building Project "C:\Projekt\ProAdminV1\ProAdminV1\ProAdminV1.vcxproj" (Build target(s)) -- FAILED.

Build FAILED.

Time Elapsed 00:00:04.53
